[debug] [2026-06-16T10:39:02.004Z] ----------------------------------------------------------------------
[debug] [2026-06-16T10:39:02.012Z] Command:       C:\Program Files\nodejs\node.exe C:\Users\solem\AppData\Roaming\npm\node_modules\firebase-tools\lib\bin\firebase.js init
[debug] [2026-06-16T10:39:02.013Z] CLI Version:   15.19.1
[debug] [2026-06-16T10:39:02.013Z] Platform:      win32
[debug] [2026-06-16T10:39:02.014Z] Node Version:  v24.16.0
[debug] [2026-06-16T10:39:02.014Z] Time:          Tue Jun 16 2026 19:39:02 GMT+0900 (日本標準時)
[debug] [2026-06-16T10:39:02.015Z] ----------------------------------------------------------------------
[debug] 
[info] 
     ######## #### ########  ######## ########     ###     ######  ########
     ##        ##  ##     ## ##       ##     ##  ##   ##  ##       ##
     ######    ##  ########  ######   ########  #########  ######  ######
     ##        ##  ##    ##  ##       ##     ## ##     ##       ## ##
     ##       #### ##     ## ######## ########  ##     ##  ######  ########

You're about to initialize a Firebase project in this directory:

  E:\develop\svelte-tic-tac-toe

[info] 
=== Project Setup
[info] 
[info] First, let's associate this project directory with a Firebase project.
[info] You can create multiple project aliases by running firebase use --add, 
[info] 
[debug] [2026-06-16T10:39:14.281Z] > command requires scopes: ["email","openid","https://www.googleapis.com/auth/cloudplatformprojects.readonly","https://www.googleapis.com/auth/firebase","https://www.googleapis.com/auth/cloud-platform"]
[debug] [2026-06-16T10:39:14.282Z] > authorizing via signed-in user (yoshito.stellarforge@gmail.com)
[debug] [2026-06-16T10:39:14.285Z] Checked if tokens are valid: true, expires at: 1781609923764
[debug] [2026-06-16T10:39:14.286Z] Checked if tokens are valid: true, expires at: 1781609923764
[debug] [2026-06-16T10:39:14.287Z] >>> [apiv2][query] GET https://firebase.googleapis.com/v1beta1/projects pageSize=100
[debug] [2026-06-16T10:39:15.131Z] <<< [apiv2][status] GET https://firebase.googleapis.com/v1beta1/projects 200
[debug] [2026-06-16T10:39:15.131Z] <<< [apiv2][body] GET https://firebase.googleapis.com/v1beta1/projects [omitted]
[info] 
=== Hosting Setup
[debug] [2026-06-16T10:39:36.961Z] Checked if tokens are valid: true, expires at: 1781609923764
[debug] [2026-06-16T10:39:36.962Z] Checked if tokens are valid: true, expires at: 1781609923764
[debug] [2026-06-16T10:39:36.963Z] >>> [apiv2][query] GET https://firebase.googleapis.com/v1beta1/projects/skill-nexus-b0723 [none]
[debug] [2026-06-16T10:39:37.341Z] <<< [apiv2][status] GET https://firebase.googleapis.com/v1beta1/projects/skill-nexus-b0723 200
[debug] [2026-06-16T10:39:37.342Z] <<< [apiv2][body] GET https://firebase.googleapis.com/v1beta1/projects/skill-nexus-b0723 {"projectId":"skill-nexus-b0723","projectNumber":"1043464565305","displayName":"SKILL-NEXUS","name":"projects/skill-nexus-b0723","resources":{"hostingSite":"skill-nexus-b0723"},"state":"ACTIVE","etag":"1_83d49550-17b4-4554-a200-487c31236b7f"}
[info] 
[info] Your public directory is the folder (relative to your project directory) that
[info] will contain Hosting assets to be uploaded with firebase deploy. If you
[info] have a build process for your assets, use your build's output directory.
[info] 
